c:\users\antho\documents\github\new folder\dm2122\application\debug\vc142.pdb
c:\users\antho\documents\github\new folder\dm2122\application\debug\vc142.idb
c:\users\antho\documents\github\new folder\dm2122\application\debug\scenelight.obj
c:\users\antho\documents\github\new folder\dm2122\application\debug\scenelight2.obj
c:\users\antho\documents\github\new folder\dm2122\application\debug\scenea2.obj
c:\users\antho\documents\github\new folder\dm2122\application\debug\scenea1.obj
c:\users\antho\documents\github\new folder\dm2122\application\debug\scene5.obj
c:\users\antho\documents\github\new folder\dm2122\application\debug\scene4.obj
c:\users\antho\documents\github\new folder\dm2122\application\debug\scene3.obj
c:\users\antho\documents\github\new folder\dm2122\application\debug\scene2.obj
c:\users\antho\documents\github\new folder\dm2122\application\debug\scene1.obj
c:\users\antho\documents\github\new folder\dm2122\application\debug\meshbuilder.obj
c:\users\antho\documents\github\new folder\dm2122\application\debug\mesh.obj
c:\users\antho\documents\github\new folder\dm2122\application\debug\material.obj
c:\users\antho\documents\github\new folder\dm2122\application\debug\main.obj
c:\users\antho\documents\github\new folder\dm2122\application\debug\loadtga.obj
c:\users\antho\documents\github\new folder\dm2122\application\debug\loadobj.obj
c:\users\antho\documents\github\new folder\dm2122\application\debug\light.obj
c:\users\antho\documents\github\new folder\dm2122\application\debug\camera3.obj
c:\users\antho\documents\github\new folder\dm2122\application\debug\camera2.obj
c:\users\antho\documents\github\new folder\dm2122\application\debug\camera.obj
c:\users\antho\documents\github\new folder\dm2122\application\debug\application.obj
c:\users\antho\documents\github\new folder\dm2122\application\debug\utility.obj
c:\users\antho\documents\github\new folder\dm2122\application\debug\shader.obj
c:\users\antho\documents\github\new folder\dm2122\application\debug\scenetexture.obj
c:\users\antho\documents\github\new folder\dm2122\application\debug\scenetext.obj
c:\users\antho\documents\github\new folder\dm2122\application\debug\sceneskybox.obj
c:\users\antho\documents\github\new folder\dm2122\application\debug\scenemodel.obj
c:\users\antho\documents\github\new folder\dm2122\debug\application.ilk
c:\users\antho\documents\github\new folder\dm2122\debug\application.exe
c:\users\antho\documents\github\new folder\dm2122\debug\application.pdb
c:\users\antho\documents\github\new folder\dm2122\application\debug\application.tlog\cl.command.1.tlog
c:\users\antho\documents\github\new folder\dm2122\application\debug\application.tlog\cl.read.1.tlog
c:\users\antho\documents\github\new folder\dm2122\application\debug\application.tlog\cl.write.1.tlog
c:\users\antho\documents\github\new folder\dm2122\application\debug\application.tlog\link.command.1.tlog
c:\users\antho\documents\github\new folder\dm2122\application\debug\application.tlog\link.read.1.tlog
c:\users\antho\documents\github\new folder\dm2122\application\debug\application.tlog\link.write.1.tlog
